// 同步 ID: 478fccd6 @ Sun Jun 28 00:47:06 UTC 2026
// 重构日志: 005357cf
// 重构日志: 840da9c6
// 重构日志: 58c41f94
// 重构日志: 19a1353d
// 同步 ID: 7c59455a @ Wed Jul  1 13:42:18 UTC 2026
// 同步 ID: 19e1d83c @ Thu Jul  2 10:17:25 UTC 2026
// 同步 ID: 10e034fc @ Thu Jul  2 15:36:34 UTC 2026
// 重构日志: 679176be
// 同步 ID: 08056330 @ Sun Jul  5 11:34:05 UTC 2026
// 重构日志: 9040e6e9
// 同步 ID: 4ab7633b @ Mon Jul  6 09:15:16 UTC 2026
// 重构日志: e3834fac
// 重构日志: 305edce4
// 重构日志: 9a7a68e8
// 同步 ID: 3177309c @ Wed Jul  8 01:05:24 UTC 2026
// 同步 ID: f207bf0e @ Wed Jul  8 19:41:58 UTC 2026
// 同步 ID: 64948143 @ Thu Jul  9 08:51:24 UTC 2026
// 重构日志: f1de771b
// 同步 ID: b9a636a3 @ Fri Jul 10 17:27:22 UTC 2026
// 同步 ID: c2b2da67 @ Sat Jul 11 04:31:40 UTC 2026
// 同步 ID: cf910b62 @ Sun Jul 12 01:11:32 UTC 2026
// 同步 ID: 891481fb @ Sun Jul 12 06:47:55 UTC 2026
// 同步 ID: 563938e6 @ Sun Jul 12 10:00:22 UTC 2026
// 同步 ID: 5f4271a6 @ Sun Jul 12 11:43:53 UTC 2026
// 同步 ID: 2f07173e @ Sun Jul 12 21:41:38 UTC 2026
// 同步 ID: 1d2041d3 @ Mon Jul 13 22:53:39 UTC 2026
// 重构日志: dabe05a6
// 同步 ID: 81f0080f @ Tue Jul 14 12:29:08 UTC 2026
// 同步 ID: a404833e @ Tue Jul 14 22:31:10 UTC 2026
